Using pre-set license
Built from '2020.3/staging' branch; Version is '2020.3.4f1 (0abb6314276a) revision 703331'; Using compiler version '192528614'; Build Type 'Release'
OS: 'Windows 10 Home; OS build 19041.928; Version 2004; 64bit' Language: 'en' Physical Memory: 16297 MB
BatchMode: 1, IsHumanControllingUs: 0, StartBugReporterOnCrash: 0, Is64bit: 1, IsPro: 0

 COMMAND LINE ARGUMENTS:
C:\Program Files\Unity\Hub\Editor\2020.3.4f1\Editor\Unity.exe
-adb2
-batchMode
-noUpm
-name
AssetImportWorker0
-projectPath
C:/Users/richa/OneDrive/Documents/GitHub/VRoam_release1/CodeTheCurveDemo
-logFile
Logs/AssetImportWorker0.log
-srvPort
49441
Successfully changed project path to: C:/Users/richa/OneDrive/Documents/GitHub/VRoam_release1/CodeTheCurveDemo
C:/Users/richa/OneDrive/Documents/GitHub/VRoam_release1/CodeTheCurveDemo
Using Asset Import Pipeline V2.
Refreshing native plugins compatible for Editor in 91.76 ms, found 1 plugins.
Preloading 0 native plugins for Editor in 0.00 ms.
Initialize engine version: 2020.3.4f1 (0abb6314276a)
[Subsystems] Discovering subsystems at path C:/Program Files/Unity/Hub/Editor/2020.3.4f1/Editor/Data/Resources/UnitySubsystems
[Subsystems] Discovering subsystems at path C:/Users/richa/OneDrive/Documents/GitHub/VRoam_release1/CodeTheCurveDemo/Assets
GfxDevice: creating device client; threaded=0
Direct3D:
    Version:  Direct3D 11.0 [level 11.1]
    Renderer: NVIDIA GeForce GTX 1660 Ti (ID=0x2182)
    Vendor:   
    VRAM:     5991 MB
    Driver:   27.21.14.5751
Shader 'WFX/Transparent Specular': fallback shader 'Particles/Alpha Blended' not found
Shader 'WFX/Transparent Diffuse': fallback shader 'Particles/Alpha Blended' not found
Shader 'Universal Render Pipeline/Particles/Lit': fallback shader 'Universal Render Pipeline/Particles/SimpleLit' not found
Initialize mono
Mono path[0] = 'C:/Program Files/Unity/Hub/Editor/2020.3.4f1/Editor/Data/Managed'
Mono path[1] = 'C:/Program Files/Unity/Hub/Editor/2020.3.4f1/Editor/Data/MonoBleedingEdge/lib/mono/unityjit'
Mono config path = 'C:/Program Files/Unity/Hub/Editor/2020.3.4f1/Editor/Data/MonoBleedingEdge/etc'
Using monoOptions --debugger-agent=transport=dt_socket,embedding=1,server=y,suspend=n,address=127.0.0.1:56852
Begin MonoManager ReloadAssembly
Registering precompiled unity dll's ...
Register platform support module: C:/Program Files/Unity/Hub/Editor/2020.3.4f1/Editor/Data/PlaybackEngines/WindowsStandaloneSupport/UnityEditor.WindowsStandalone.Extensions.dll
Registered in 0.001481 seconds.
Native extension for WindowsStandalone target not found
Refreshing native plugins compatible for Editor in 84.35 ms, found 1 plugins.
Preloading 0 native plugins for Editor in 0.00 ms.
Mono: successfully reloaded assembly
- Completed reload, in  1.456 seconds
Platform modules already initialized, skipping
Registering precompiled user dll's ...
Registered in 0.002318 seconds.
Begin MonoManager ReloadAssembly
Native extension for WindowsStandalone target not found
Refreshing native plugins compatible for Editor in 92.37 ms, found 1 plugins.
Preloading 0 native plugins for Editor in 0.00 ms.
Mono: successfully reloaded assembly
- Completed reload, in  0.865 seconds
Platform modules already initialized, skipping
========================================================================
Worker process is ready to serve import requests
Shader 'WFX/Transparent Diffuse': fallback shader 'Particles/Alpha Blended' not found
Shader 'Universal Render Pipeline/Particles/Lit': fallback shader 'Universal Render Pipeline/Particles/SimpleLit' not found
Shader 'WFX/Transparent Specular': fallback shader 'Particles/Alpha Blended' not found
Launched and connected shader compiler UnityShaderCompiler.exe after 0.03 seconds
Refreshing native plugins compatible for Editor in 0.95 ms, found 1 plugins.
Preloading 0 native plugins for Editor in 0.00 ms.
Unloading 3037 Unused Serialized files (Serialized files now loaded: 0)
System memory in use before: 177.8 MB.
System memory in use after: 178.0 MB.

Unloading 16 unused Assets to reduce memory usage. Loaded Objects now: 3630.
Total: 2.174200 ms (FindLiveObjects: 0.230200 ms CreateObjectMapping: 0.142500 ms MarkObjects: 1.607000 ms  DeleteObjects: 0.194000 ms)

========================================================================
Received Import Request.
  path: Assets/TourGuidePierre/Ch23_1002_Diffuse.png
  artifactKey: Guid(6703a2c3bcdfc9b459bf873f86998f89) Importer(815301076,1909f56bfc062723c751e8b465ee728b)
Start importing Assets/TourGuidePierre/Ch23_1002_Diffuse.png using Guid(6703a2c3bcdfc9b459bf873f86998f89) Importer(815301076,1909f56bfc062723c751e8b465ee728b)  -> (artifact id: 'ac02c340f1268c1cdef702a555af6c25') in 0.060991 seconds
  Import took 0.065500 seconds .

========================================================================
Received Import Request.
  Time since last request: 0.000249 seconds.
  path: Assets/TourGuidePierre/Ch23_body.mat
  artifactKey: Guid(5b13f9072fc1dfa4c90ae44fdd5a4440) Importer(815301076,1909f56bfc062723c751e8b465ee728b)
Start importing Assets/TourGuidePierre/Ch23_body.mat using Guid(5b13f9072fc1dfa4c90ae44fdd5a4440) Importer(815301076,1909f56bfc062723c751e8b465ee728b)  -> (artifact id: '01a047b20b2ae1585d56a21270c43c54') in 0.055639 seconds
  Import took 0.059460 seconds .

========================================================================
Received Import Request.
  Time since last request: 0.000219 seconds.
  path: Assets/TourGuidePierre/Ch23_1001_Normal.png
  artifactKey: Guid(489f3df5386e5834ea838c86dd8fff57) Importer(815301076,1909f56bfc062723c751e8b465ee728b)
Start importing Assets/TourGuidePierre/Ch23_1001_Normal.png using Guid(489f3df5386e5834ea838c86dd8fff57) Importer(815301076,1909f56bfc062723c751e8b465ee728b)  -> (artifact id: 'ce9668bd6c059d4fc5ef0c55897d0c94') in 0.024660 seconds
  Import took 0.028805 seconds .

========================================================================
Received Import Request.
  Time since last request: 0.000230 seconds.
  path: Assets/TourGuidePierre/Ch23_1001_Specular.png
  artifactKey: Guid(686e8b705291b1a41907e7c1c86ca896) Importer(815301076,1909f56bfc062723c751e8b465ee728b)
Start importing Assets/TourGuidePierre/Ch23_1001_Specular.png using Guid(686e8b705291b1a41907e7c1c86ca896) Importer(815301076,1909f56bfc062723c751e8b465ee728b)  -> (artifact id: 'a9a16e168b9083793a8733428e9f696e') in 0.009691 seconds
  Import took 0.014247 seconds .

========================================================================
Received Import Request.
  Time since last request: 0.000203 seconds.
  path: Assets/TourGuidePierre/Ch23_1001_Diffuse.png
  artifactKey: Guid(4842311ac2c106e42939c8bb0a1cda43) Importer(815301076,1909f56bfc062723c751e8b465ee728b)
Start importing Assets/TourGuidePierre/Ch23_1001_Diffuse.png using Guid(4842311ac2c106e42939c8bb0a1cda43) Importer(815301076,1909f56bfc062723c751e8b465ee728b)  -> (artifact id: 'ee2124cc22eb163d99609b232ba15cc0') in 0.009654 seconds
  Import took 0.014922 seconds .

========================================================================
Received Import Request.
  Time since last request: 0.000247 seconds.
  path: Assets/TourGuidePierre/Ch23_hair.mat
  artifactKey: Guid(c0d321da33a40ae419ce3c3192970bdc) Importer(815301076,1909f56bfc062723c751e8b465ee728b)
Start importing Assets/TourGuidePierre/Ch23_hair.mat using Guid(c0d321da33a40ae419ce3c3192970bdc) Importer(815301076,1909f56bfc062723c751e8b465ee728b)  -> (artifact id: '201ef9ee8eeb72f79da5ac63f5673a98') in 0.008500 seconds
  Import took 0.013060 seconds .

========================================================================
Received Import Request.
  Time since last request: 0.000217 seconds.
  path: Assets/TourGuidePierre/Ch23_nonPBR@Walk.fbx
  artifactKey: Guid(624f1b16df02ed8458e8d3890f41cffd) Importer(815301076,1909f56bfc062723c751e8b465ee728b)
Start importing Assets/TourGuidePierre/Ch23_nonPBR@Walk.fbx using Guid(624f1b16df02ed8458e8d3890f41cffd) Importer(815301076,1909f56bfc062723c751e8b465ee728b)  -> (artifact id: 'fed71fd47f20a39b5c758e78a18b983d') in 0.139837 seconds
  Import took 0.144168 seconds .

========================================================================
Received Import Request.
  Time since last request: 0.000177 seconds.
  path: Assets/TourGuidePierre/Ch23_1001_Glossiness.png
  artifactKey: Guid(e411a37dc124c5743be5d0962c7a73ad) Importer(815301076,1909f56bfc062723c751e8b465ee728b)
Start importing Assets/TourGuidePierre/Ch23_1001_Glossiness.png using Guid(e411a37dc124c5743be5d0962c7a73ad) Importer(815301076,1909f56bfc062723c751e8b465ee728b)  -> (artifact id: '6d4ac81a23bb096f6405bbfc808426ca') in 0.007975 seconds
  Import took 0.011813 seconds .

========================================================================
Received Prepare
Registering precompiled user dll's ...
Registered in 0.002449 seconds.
Begin MonoManager ReloadAssembly
Native extension for WindowsStandalone target not found
Refreshing native plugins compatible for Editor in 1.03 ms, found 1 plugins.
Preloading 0 native plugins for Editor in 0.00 ms.
Mono: successfully reloaded assembly
- Completed reload, in  0.774 seconds
Platform modules already initialized, skipping
Shader 'WFX/Transparent Diffuse': fallback shader 'Particles/Alpha Blended' not found
Shader 'Universal Render Pipeline/Particles/Lit': fallback shader 'Universal Render Pipeline/Particles/SimpleLit' not found
Shader 'WFX/Transparent Specular': fallback shader 'Particles/Alpha Blended' not found
Refreshing native plugins compatible for Editor in 0.88 ms, found 1 plugins.
Preloading 0 native plugins for Editor in 0.00 ms.
Unloading 2903 Unused Serialized files (Serialized files now loaded: 0)
System memory in use before: 181.9 MB.
System memory in use after: 182.1 MB.

Unloading 11 unused Assets to reduce memory usage. Loaded Objects now: 3679.
Total: 2.012100 ms (FindLiveObjects: 0.258500 ms CreateObjectMapping: 0.146300 ms MarkObjects: 1.592300 ms  DeleteObjects: 0.014100 ms)

========================================================================
Received Prepare
Registering precompiled user dll's ...
Registered in 0.002371 seconds.
Begin MonoManager ReloadAssembly
Native extension for WindowsStandalone target not found
Refreshing native plugins compatible for Editor in 0.92 ms, found 1 plugins.
Preloading 0 native plugins for Editor in 0.00 ms.
Mono: successfully reloaded assembly
- Completed reload, in  0.729 seconds
Platform modules already initialized, skipping
Shader 'WFX/Transparent Diffuse': fallback shader 'Particles/Alpha Blended' not found
Shader 'Universal Render Pipeline/Particles/Lit': fallback shader 'Universal Render Pipeline/Particles/SimpleLit' not found
Shader 'WFX/Transparent Specular': fallback shader 'Particles/Alpha Blended' not found
Refreshing native plugins compatible for Editor in 0.88 ms, found 1 plugins.
Preloading 0 native plugins for Editor in 0.00 ms.
Unloading 2903 Unused Serialized files (Serialized files now loaded: 0)
System memory in use before: 181.9 MB.
System memory in use after: 182.1 MB.

Unloading 11 unused Assets to reduce memory usage. Loaded Objects now: 3683.
Total: 1.968400 ms (FindLiveObjects: 0.235700 ms CreateObjectMapping: 0.135400 ms MarkObjects: 1.582100 ms  DeleteObjects: 0.014700 ms)

========================================================================
Received Prepare
Registering precompiled user dll's ...
Registered in 0.002443 seconds.
Begin MonoManager ReloadAssembly
Native extension for WindowsStandalone target not found
Refreshing native plugins compatible for Editor in 0.92 ms, found 1 plugins.
Preloading 0 native plugins for Editor in 0.00 ms.
Mono: successfully reloaded assembly
- Completed reload, in  0.775 seconds
Platform modules already initialized, skipping
Shader 'WFX/Transparent Diffuse': fallback shader 'Particles/Alpha Blended' not found
Shader 'Universal Render Pipeline/Particles/Lit': fallback shader 'Universal Render Pipeline/Particles/SimpleLit' not found
Shader 'WFX/Transparent Specular': fallback shader 'Particles/Alpha Blended' not found
Refreshing native plugins compatible for Editor in 0.87 ms, found 1 plugins.
Preloading 0 native plugins for Editor in 0.00 ms.
Unloading 2903 Unused Serialized files (Serialized files now loaded: 0)
System memory in use before: 182.0 MB.
System memory in use after: 182.2 MB.

Unloading 11 unused Assets to reduce memory usage. Loaded Objects now: 3687.
Total: 2.057100 ms (FindLiveObjects: 0.231700 ms CreateObjectMapping: 0.142600 ms MarkObjects: 1.668300 ms  DeleteObjects: 0.013800 ms)

========================================================================
Received Prepare
Registering precompiled user dll's ...
Registered in 0.003632 seconds.
Begin MonoManager ReloadAssembly
Native extension for WindowsStandalone target not found
Refreshing native plugins compatible for Editor in 0.95 ms, found 1 plugins.
Preloading 0 native plugins for Editor in 0.00 ms.
Mono: successfully reloaded assembly
- Completed reload, in  0.799 seconds
Platform modules already initialized, skipping
Shader 'WFX/Transparent Diffuse': fallback shader 'Particles/Alpha Blended' not found
Shader 'Universal Render Pipeline/Particles/Lit': fallback shader 'Universal Render Pipeline/Particles/SimpleLit' not found
Shader 'WFX/Transparent Specular': fallback shader 'Particles/Alpha Blended' not found
Refreshing native plugins compatible for Editor in 1.18 ms, found 1 plugins.
Preloading 0 native plugins for Editor in 0.00 ms.
Unloading 2903 Unused Serialized files (Serialized files now loaded: 0)
System memory in use before: 182.0 MB.
System memory in use after: 182.2 MB.

Unloading 11 unused Assets to reduce memory usage. Loaded Objects now: 3691.
Total: 2.961200 ms (FindLiveObjects: 0.443800 ms CreateObjectMapping: 0.201500 ms MarkObjects: 2.295600 ms  DeleteObjects: 0.019000 ms)

AssetImportWorkerClient::OnTransportError - code=2 error=End of file
